# JRE version: 7.0_11-b21
# Java VM: Java HotSpot(TM) 64-Bit Server VM (23.6-b04 mixed mode windows-amd64 compressed oops)
Heap
 PSYoungGen      total 86528K, used 7140K [0x00000000fa000000, 0x00000000ff5f0000, 0x0000000100000000)
  eden space 85056K, 7% used [0x00000000fa000000,0x00000000fa679340,0x00000000ff310000)
  from space 1472K, 34% used [0x00000000ff480000,0x00000000ff500000,0x00000000ff5f0000)
  to   space 1472K, 0% used [0x00000000ff310000,0x00000000ff310000,0x00000000ff480000)
 ParOldGen       total 116608K, used 80080K [0x00000000e8000000, 0x00000000ef1e0000, 0x00000000fa000000)
  object space 116608K, 68% used [0x00000000e8000000,0x00000000ece34228,0x00000000ef1e0000)
 PSPermGen       total 109376K, used 68411K [0x00000000e0000000, 0x00000000e6ad0000, 0x00000000e8000000)
  object space 109376K, 62% used [0x00000000e0000000,0x00000000e42ced08,0x00000000e6ad0000)
GC Heap History (10 events):
Event: 16529.695 GC heap before
{Heap before GC invocations=289 (full 3):
 PSYoungGen      total 86592K, used 85376K [0x00000000fa000000, 0x00000000ff630000, 0x0000000100000000)
  eden space 84864K, 100% used [0x00000000fa000000,0x00000000ff2e0000,0x00000000ff2e0000)
  from space 1728K, 29% used [0x00000000ff2e0000,0x00000000ff360000,0x00000000ff490000)
  to   space 1664K, 0% used [0x00000000ff490000,0x00000000ff490000,0x00000000ff630000)
 ParOldGen       total 116608K, used 79968K [0x00000000e8000000, 0x00000000ef1e0000, 0x00000000fa000000)
  object space 116608K, 68% used [0x00000000e8000000,0x00000000ece18228,0x00000000ef1e0000)
 PSPermGen       total 109376K, used 68404K [0x00000000e0000000, 0x00000000e6ad0000, 0x00000000e8000000)
  object space 109376K, 62% used [0x00000000e0000000,0x00000000e42cd360,0x00000000e6ad0000)
Event: 16529.698 GC heap after
Heap after GC invocations=289 (full 3):
 PSYoungGen      total 86592K, used 448K [0x00000000fa000000, 0x00000000ff630000, 0x0000000100000000)
  eden space 84928K, 0% used [0x00000000fa000000,0x00000000fa000000,0x00000000ff2f0000)
  from space 1664K, 26% used [0x00000000ff490000,0x00000000ff500000,0x00000000ff630000)
  to   space 1664K, 0% used [0x00000000ff2f0000,0x00000000ff2f0000,0x00000000ff490000)
 ParOldGen       total 116608K, used 79984K [0x00000000e8000000, 0x00000000ef1e0000, 0x00000000fa000000)
  object space 116608K, 68% used [0x00000000e8000000,0x00000000ece1c228,0x00000000ef1e0000)
 PSPermGen       total 109376K, used 68404K [0x00000000e0000000, 0x00000000e6ad0000, 0x00000000e8000000)
  object space 109376K, 62% used [0x00000000e0000000,0x00000000e42cd360,0x00000000e6ad0000)
}
Event: 16937.614 GC heap before
{Heap before GC invocations=290 (full 3):
 PSYoungGen      total 86592K, used 85376K [0x00000000fa000000, 0x00000000ff630000, 0x0000000100000000)
  eden space 84928K, 100% used [0x00000000fa000000,0x00000000ff2f0000,0x00000000ff2f0000)
  from space 1664K, 26% used [0x00000000ff490000,0x00000000ff500000,0x00000000ff630000)
  to   space 1664K, 0% used [0x00000000ff2f0000,0x00000000ff2f0000,0x00000000ff490000)
 ParOldGen       total 116608K, used 79984K [0x00000000e8000000, 0x00000000ef1e0000, 0x00000000fa000000)
  object space 116608K, 68% used [0x00000000e8000000,0x00000000ece1c228,0x00000000ef1e0000)
 PSPermGen       total 109376K, used 68404K [0x00000000e0000000, 0x00000000e6ad0000, 0x00000000e8000000)
  object space 109376K, 62% used [0x00000000e0000000,0x00000000e42cd360,0x00000000e6ad0000)
Event: 16937.617 GC heap after
Heap after GC invocations=290 (full 3):
 PSYoungGen      total 86592K, used 512K [0x00000000fa000000, 0x00000000ff620000, 0x0000000100000000)
  eden space 84928K, 0% used [0x00000000fa000000,0x00000000fa000000,0x00000000ff2f0000)
  from space 1664K, 30% used [0x00000000ff2f0000,0x00000000ff370000,0x00000000ff490000)
  to   space 1600K, 0% used [0x00000000ff490000,0x00000000ff490000,0x00000000ff620000)
 ParOldGen       total 116608K, used 80008K [0x00000000e8000000, 0x00000000ef1e0000, 0x00000000fa000000)
  object space 116608K, 68% used [0x00000000e8000000,0x00000000ece22228,0x00000000ef1e0000)
 PSPermGen       total 109376K, used 68404K [0x00000000e0000000, 0x00000000e6ad0000, 0x00000000e8000000)
  object space 109376K, 62% used [0x00000000e0000000,0x00000000e42cd360,0x00000000e6ad0000)
}
Event: 17342.692 GC heap before
{Heap before GC invocations=291 (full 3):
 PSYoungGen      total 86592K, used 85440K [0x00000000fa000000, 0x00000000ff620000, 0x0000000100000000)
  eden space 84928K, 100% used [0x00000000fa000000,0x00000000ff2f0000,0x00000000ff2f0000)
  from space 1664K, 30% used [0x00000000ff2f0000,0x00000000ff370000,0x00000000ff490000)
  to   space 1600K, 0% used [0x00000000ff490000,0x00000000ff490000,0x00000000ff620000)
 ParOldGen       total 116608K, used 80008K [0x00000000e8000000, 0x00000000ef1e0000, 0x00000000fa000000)
  object space 116608K, 68% used [0x00000000e8000000,0x00000000ece22228,0x00000000ef1e0000)
 PSPermGen       total 109376K, used 68404K [0x00000000e0000000, 0x00000000e6ad0000, 0x00000000e8000000)
  object space 109376K, 62% used [0x00000000e0000000,0x00000000e42cd360,0x00000000e6ad0000)
Event: 17342.695 GC heap after
Heap after GC invocations=291 (full 3):
 PSYoungGen      total 86464K, used 512K [0x00000000fa000000, 0x00000000ff600000, 0x0000000100000000)
  eden space 84992K, 0% used [0x00000000fa000000,0x00000000fa000000,0x00000000ff300000)
  from space 1472K, 34% used [0x00000000ff490000,0x00000000ff510000,0x00000000ff600000)
  to   space 1536K, 0% used [0x00000000ff300000,0x00000000ff300000,0x00000000ff480000)
 ParOldGen       total 116608K, used 80032K [0x00000000e8000000, 0x00000000ef1e0000, 0x00000000fa000000)
  object space 116608K, 68% used [0x00000000e8000000,0x00000000ece28228,0x00000000ef1e0000)
 PSPermGen       total 109376K, used 68404K [0x00000000e0000000, 0x00000000e6ad0000, 0x00000000e8000000)
  object space 109376K, 62% used [0x00000000e0000000,0x00000000e42cd360,0x00000000e6ad0000)
}
Event: 17750.611 GC heap before
{Heap before GC invocations=292 (full 3):
 PSYoungGen      total 86464K, used 85504K [0x00000000fa000000, 0x00000000ff600000, 0x0000000100000000)
  eden space 84992K, 100% used [0x00000000fa000000,0x00000000ff300000,0x00000000ff300000)
  from space 1472K, 34% used [0x00000000ff490000,0x00000000ff510000,0x00000000ff600000)
  to   space 1536K, 0% used [0x00000000ff300000,0x00000000ff300000,0x00000000ff480000)
 ParOldGen       total 116608K, used 80032K [0x00000000e8000000, 0x00000000ef1e0000, 0x00000000fa000000)
  object space 116608K, 68% used [0x00000000e8000000,0x00000000ece28228,0x00000000ef1e0000)
 PSPermGen       total 109376K, used 68404K [0x00000000e0000000, 0x00000000e6ad0000, 0x00000000e8000000)
  object space 109376K, 62% used [0x00000000e0000000,0x00000000e42cd380,0x00000000e6ad0000)
Event: 17750.613 GC heap after
Heap after GC invocations=292 (full 3):
 PSYoungGen      total 86528K, used 480K [0x00000000fa000000, 0x00000000ff5f0000, 0x0000000100000000)
  eden space 84992K, 0% used [0x00000000fa000000,0x00000000fa000000,0x00000000ff300000)
  from space 1536K, 31% used [0x00000000ff300000,0x00000000ff378000,0x00000000ff480000)
  to   space 1472K, 0% used [0x00000000ff480000,0x00000000ff480000,0x00000000ff5f0000)
 ParOldGen       total 116608K, used 80064K [0x00000000e8000000, 0x00000000ef1e0000, 0x00000000fa000000)
  object space 116608K, 68% used [0x00000000e8000000,0x00000000ece30228,0x00000000ef1e0000)
 PSPermGen       total 109376K, used 68404K [0x00000000e0000000, 0x00000000e6ad0000, 0x00000000e8000000)
  object space 109376K, 62% used [0x00000000e0000000,0x00000000e42cd380,0x00000000e6ad0000)
}
Event: 18138.306 GC heap before
{Heap before GC invocations=293 (full 3):
 PSYoungGen      total 86528K, used 82654K [0x00000000fa000000, 0x00000000ff5f0000, 0x0000000100000000)
  eden space 84992K, 96% used [0x00000000fa000000,0x00000000ff03f8e8,0x00000000ff300000)
  from space 1536K, 31% used [0x00000000ff300000,0x00000000ff378000,0x00000000ff480000)
  to   space 1472K, 0% used [0x00000000ff480000,0x00000000ff480000,0x00000000ff5f0000)
 ParOldGen       total 116608K, used 80064K [0x00000000e8000000, 0x00000000ef1e0000, 0x00000000fa000000)
  object space 116608K, 68% used [0x00000000e8000000,0x00000000ece30228,0x00000000ef1e0000)
 PSPermGen       total 109376K, used 68410K [0x00000000e0000000, 0x00000000e6ad0000, 0x00000000e8000000)
  object space 109376K, 62% used [0x00000000e0000000,0x00000000e42ceb48,0x00000000e6ad0000)
Event: 18138.310 GC heap after
Heap after GC invocations=293 (full 3):
 PSYoungGen      total 86528K, used 512K [0x00000000fa000000, 0x00000000ff5f0000, 0x0000000100000000)
  eden space 85056K, 0% used [0x00000000fa000000,0x00000000fa000000,0x00000000ff310000)
  from space 1472K, 34% used [0x00000000ff480000,0x00000000ff500000,0x00000000ff5f0000)
  to   space 1472K, 0% used [0x00000000ff310000,0x00000000ff310000,0x00000000ff480000)
 ParOldGen       total 116608K, used 80080K [0x00000000e8000000, 0x00000000ef1e0000, 0x00000000fa000000)
  object space 116608K, 68% used [0x00000000e8000000,0x00000000ece34228,0x00000000ef1e0000)
 PSPermGen       total 109376K, used 68410K [0x00000000e0000000, 0x00000000e6ad0000, 0x00000000e8000000)
  object space 109376K, 62% used [0x00000000e0000000,0x00000000e42ceb48,0x00000000e6ad0000)
}

